Unity Editor version:    6000.0.45f1 (d91bd3d4e081)
Branch:                  6000.0/release
Build type:              Release
Batch mode:              YES
macOS version:           Version 15.4 (Build 24E248)
Darwin version:          24.4.0
Architecture:            arm64
Running under Rosetta:   NO
Available memory:        16384 MB
Using pre-set license
Pro License: YES

COMMAND LINE ARGUMENTS:
/Applications/Unity/Hub/Editor/6000.0.45f1/Unity.app/Contents/MacOS/Unity
-adb2
-batchMode
-noUpm
-name
AssetImportWorker1
-projectPath
/Users/jangchan-young/yongsa
-logFile
Logs/AssetImportWorker1.log
-srvPort
54830
-job-worker-count
3
-background-job-worker-count
8
-gc-helper-count
1
Successfully changed project path to: /Users/jangchan-young/yongsa
/Users/jangchan-young/yongsa
[UnityMemory] Configuration Parameters - Can be set up in boot.config
    "memorysetup-bucket-allocator-granularity=16"
    "memorysetup-bucket-allocator-bucket-count=8"
    "memorysetup-bucket-allocator-block-size=33554432"
    "memorysetup-bucket-allocator-block-count=8"
    "memorysetup-main-allocator-block-size=16777216"
    "memorysetup-thread-allocator-block-size=16777216"
    "memorysetup-gfx-main-allocator-block-size=16777216"
    "memorysetup-gfx-thread-allocator-block-size=16777216"
    "memorysetup-cache-allocator-block-size=4194304"
    "memorysetup-typetree-allocator-block-size=2097152"
    "memorysetup-profiler-bucket-allocator-granularity=16"
    "memorysetup-profiler-bucket-allocator-bucket-count=8"
    "memorysetup-profiler-bucket-allocator-block-size=33554432"
    "memorysetup-profiler-bucket-allocator-block-count=8"
    "memorysetup-profiler-allocator-block-size=16777216"
    "memorysetup-profiler-editor-allocator-block-size=1048576"
    "memorysetup-temp-allocator-size-main=16777216"
    "memorysetup-job-temp-allocator-block-size=2097152"
    "memorysetup-job-temp-allocator-block-size-background=1048576"
    "memorysetup-job-temp-allocator-reduction-small-platforms=262144"
    "memorysetup-allocator-temp-initial-block-size-main=262144"
    "memorysetup-allocator-temp-initial-block-size-worker=262144"
    "memorysetup-temp-allocator-size-background-worker=32768"
    "memorysetup-temp-allocator-size-job-worker=262144"
    "memorysetup-temp-allocator-size-preload-manager=33554432"
    "memorysetup-temp-allocator-size-nav-mesh-worker=65536"
    "memorysetup-temp-allocator-size-audio-worker=65536"
    "memorysetup-temp-allocator-size-cloud-worker=32768"
    "memorysetup-temp-allocator-size-gi-baking-worker=262144"
    "memorysetup-temp-allocator-size-gi-baking-worker=262144"
    "memorysetup-temp-allocator-size-gi-baking-worker=262144"
    "memorysetup-temp-allocator-size-gi-baking-worker=262144"
    "memorysetup-temp-allocator-size-gi-baking-worker=262144"
    "memorysetup-temp-allocator-size-gfx=262144"
Player connection [8782777408]  Target information:

Player connection [8782777408]  * "[IP] 172.30.1.6 [Port] 0 [Flags] 2 [Guid] 3272701749 [EditorId] 3272701749 [Version] 1048832 [Id] OSXEditor(0,jangchan-yeong-ui-MacBookAir.local) [Debug] 1 [PackageName] OSXEditor [ProjectName] Editor" 

Player connection [8782777408] Host joined multi-casting on [225.0.0.222:54997]...
Player connection [8782777408] Host joined alternative multi-casting on [225.0.0.222:34997]...
JobSystem: Creating JobQueue using job-worker-count value 3
Input System module state changed to: Initialized.
[Physics::Module] Initialized fallback backend.
[Physics::Module] Id: 0xdecafbad
Library Redirect Path: Library/
[Physics::Module] Selected backend.
[Physics::Module] Name: PhysX
[Physics::Module] Id: 0xf2b8ea05
[Physics::Module] SDK Version: 4.1.2
[Physics::Module] Integration Version: 1.0.0
[Physics::Module] Threading Mode: Multi-Threaded
Refreshing native plugins compatible for Editor in 12.50 ms, found 3 plugins.
Preloading 0 native plugins for Editor in 0.00 ms.
Initialize engine version: 6000.0.45f1 (d91bd3d4e081)
[Subsystems] Discovering subsystems at path /Applications/Unity/Hub/Editor/6000.0.45f1/Unity.app/Contents/Resources/UnitySubsystems
[Subsystems] Discovering subsystems at path /Users/jangchan-young/yongsa/Assets
GfxDevice: creating device client; kGfxThreadingModeNonThreaded
 preferred device: Apple M1 (high power)
Metal devices available: 1
0: Apple M1 (high power)
Using device Apple M1 (high power)
Initializing Metal device caps: Apple M1
Initialize mono
Mono path[0] = '/Applications/Unity/Hub/Editor/6000.0.45f1/Unity.app/Contents/Managed'
Mono path[1] = '/Applications/Unity/Hub/Editor/6000.0.45f1/Unity.app/Contents/MonoBleedingEdge/lib/mono/unityjit-macos'
Mono config path = '/Applications/Unity/Hub/Editor/6000.0.45f1/Unity.app/Contents/MonoBleedingEdge/etc'
Using monoOptions --debugger-agent=transport=dt_socket,embedding=1,server=y,suspend=n,address=127.0.0.1:56772
Begin MonoManager ReloadAssembly
Registering precompiled unity dll's ...
Register platform support module: /Applications/Unity/Hub/Editor/6000.0.45f1/PlaybackEngines/WebGLSupport/UnityEditor.WebGL.Extensions.dll
Register platform support module: /Applications/Unity/Hub/Editor/6000.0.45f1/Unity.app/Contents/PlaybackEngines/MacStandaloneSupport/UnityEditor.OSXStandalone.Extensions.dll
Registered in 0.004299 seconds.
- Loaded All Assemblies, in  1.091 seconds
Native extension for OSXStandalone target not found
Native extension for WebGL target not found
Mono: successfully reloaded assembly
- Finished resetting the current domain, in  0.697 seconds
Domain Reload Profiling: 1789ms
	BeginReloadAssembly (324ms)
		ExecutionOrderSort (0ms)
		DisableScriptedObjects (0ms)
		BackupInstance (0ms)
		ReleaseScriptingObjects (0ms)
		CreateAndSetChildDomain (4ms)
	RebuildCommonClasses (113ms)
	RebuildNativeTypeToScriptingClass (50ms)
	initialDomainReloadingComplete (152ms)
	LoadAllAssembliesAndSetupDomain (451ms)
		LoadAssemblies (321ms)
		RebuildTransferFunctionScriptingTraits (0ms)
		AnalyzeDomain (446ms)
			TypeCache.Refresh (443ms)
				TypeCache.ScanAssembly (410ms)
			BuildScriptInfoCaches (0ms)
			ResolveRequiredComponents (1ms)
	FinalizeReload (698ms)
		ReleaseScriptCaches (0ms)
		RebuildScriptCaches (0ms)
		SetupLoadedEditorAssemblies (597ms)
			LogAssemblyErrors (0ms)
			InitializePlatformSupportModulesInManaged (74ms)
			SetLoadedEditorAssemblies (8ms)
			BeforeProcessingInitializeOnLoad (122ms)
			ProcessInitializeOnLoadAttributes (266ms)
			ProcessInitializeOnLoadMethodAttributes (126ms)
			AfterProcessingInitializeOnLoad (0ms)
			EditorAssembliesLoaded (0ms)
		ExecutionOrderSort2 (0ms)
		AwakeInstancesAfterBackupRestoration (0ms)
========================================================================
Worker process is ready to serve import requests
Import Worker Mode flag is 0x00
Begin MonoManager ReloadAssembly
- Loaded All Assemblies, in  1.971 seconds
Refreshing native plugins compatible for Editor in 7.01 ms, found 3 plugins.
Native extension for OSXStandalone target not found
Native extension for WebGL target not found
Mono: successfully reloaded assembly
Package Manager log level set to [2]
[Package Manager] Failed to launch server process. Reason: Unity was launched with the -noUpm command-line argument
[Package Manager] Unable to send message (not connected to server process).
[Package Manager] Cannot connect to Unity Package Manager local server
[Package Manager] Failed to launch server process. Reason: Unity was launched with the -noUpm command-line argument
[Package Manager] Unable to send message (not connected to server process).
[Package Manager] Cannot connect to Unity Package Manager local server
- Finished resetting the current domain, in  2.001 seconds
Domain Reload Profiling: 3970ms
	BeginReloadAssembly (368ms)
		ExecutionOrderSort (0ms)
		DisableScriptedObjects (14ms)
		BackupInstance (0ms)
		ReleaseScriptingObjects (0ms)
		CreateAndSetChildDomain (151ms)
	RebuildCommonClasses (99ms)
	RebuildNativeTypeToScriptingClass (36ms)
	initialDomainReloadingComplete (130ms)
	LoadAllAssembliesAndSetupDomain (1335ms)
		LoadAssemblies (786ms)
		RebuildTransferFunctionScriptingTraits (0ms)
		AnalyzeDomain (680ms)
			TypeCache.Refresh (500ms)
				TypeCache.ScanAssembly (462ms)
			BuildScriptInfoCaches (146ms)
			ResolveRequiredComponents (28ms)
	FinalizeReload (2002ms)
		ReleaseScriptCaches (0ms)
		RebuildScriptCaches (0ms)
		SetupLoadedEditorAssemblies (1642ms)
			LogAssemblyErrors (0ms)
			InitializePlatformSupportModulesInManaged (10ms)
			SetLoadedEditorAssemblies (11ms)
			BeforeProcessingInitializeOnLoad (300ms)
			ProcessInitializeOnLoadAttributes (1063ms)
			ProcessInitializeOnLoadMethodAttributes (255ms)
			AfterProcessingInitializeOnLoad (3ms)
			EditorAssembliesLoaded (0ms)
		ExecutionOrderSort2 (0ms)
		AwakeInstancesAfterBackupRestoration (15ms)
Launching external process: /Applications/Unity/Hub/Editor/6000.0.45f1/Unity.app/Contents/Tools/UnityShaderCompiler
Launched and connected shader compiler UnityShaderCompiler after 0.14 seconds
Refreshing native plugins compatible for Editor in 2.97 ms, found 3 plugins.
Preloading 0 native plugins for Editor in 0.00 ms.
Unloading 207 Unused Serialized files (Serialized files now loaded: 0)
Unloading 6843 unused Assets / (2.3 MB). Loaded Objects now: 7528.
Memory consumption went from 182.4 MB to 180.1 MB.
Total: 26.856375 ms (FindLiveObjects: 1.262917 ms CreateObjectMapping: 1.287875 ms MarkObjects: 19.986958 ms  DeleteObjects: 4.317084 ms)

========================================================================
Received Prepare
Begin MonoManager ReloadAssembly
Thread 0x3277d7000 may have been prematurely finalized
- Loaded All Assemblies, in  2.028 seconds
Refreshing native plugins compatible for Editor in 3.81 ms, found 3 plugins.
Native extension for OSXStandalone target not found
Native extension for WebGL target not found
Mono: successfully reloaded assembly
[Package Manager] Failed to launch server process. Reason: Unity was launched with the -noUpm command-line argument
[Package Manager] Unable to send message (not connected to server process).
[Package Manager] Cannot connect to Unity Package Manager local server
- Finished resetting the current domain, in  2.502 seconds
Domain Reload Profiling: 4537ms
	BeginReloadAssembly (601ms)
		ExecutionOrderSort (0ms)
		DisableScriptedObjects (64ms)
		BackupInstance (0ms)
		ReleaseScriptingObjects (1ms)
		CreateAndSetChildDomain (280ms)
	RebuildCommonClasses (99ms)
	RebuildNativeTypeToScriptingClass (37ms)
	initialDomainReloadingComplete (60ms)
	LoadAllAssembliesAndSetupDomain (1235ms)
		LoadAssemblies (815ms)
		RebuildTransferFunctionScriptingTraits (0ms)
		AnalyzeDomain (571ms)
			TypeCache.Refresh (24ms)
				TypeCache.ScanAssembly (0ms)
			BuildScriptInfoCaches (513ms)
			ResolveRequiredComponents (27ms)
	FinalizeReload (2503ms)
		ReleaseScriptCaches (0ms)
		RebuildScriptCaches (0ms)
		SetupLoadedEditorAssemblies (1914ms)
			LogAssemblyErrors (0ms)
			InitializePlatformSupportModulesInManaged (6ms)
			SetLoadedEditorAssemblies (12ms)
			BeforeProcessingInitializeOnLoad (414ms)
			ProcessInitializeOnLoadAttributes (1294ms)
			ProcessInitializeOnLoadMethodAttributes (185ms)
			AfterProcessingInitializeOnLoad (2ms)
			EditorAssembliesLoaded (1ms)
		ExecutionOrderSort2 (0ms)
		AwakeInstancesAfterBackupRestoration (28ms)
Refreshing native plugins compatible for Editor in 2.42 ms, found 3 plugins.
Preloading 0 native plugins for Editor in 0.00 ms.
Unloading 14 Unused Serialized files (Serialized files now loaded: 0)
Unloading 6841 unused Assets / (4.5 MB). Loaded Objects now: 7531.
Memory consumption went from 162.2 MB to 157.7 MB.
Total: 23.531334 ms (FindLiveObjects: 1.233791 ms CreateObjectMapping: 1.437042 ms MarkObjects: 15.965916 ms  DeleteObjects: 4.892958 ms)

Prepare: number of updated asset objects reloaded= 0
========================================================================
Received Import Request.
  Time since last request: 37302.876867 seconds.
  path: Assets/Hero Knight - Pixel Art/Environment/EnvironmentTiles_0.asset
  artifactKey: Guid(a3f5e82170913a042b8a1a7ca021cd41) Importer(815301076,1909f56bfc062723c751e8b465ee728b)
Start importing Assets/Hero Knight - Pixel Art/Environment/EnvironmentTiles_0.asset using Guid(a3f5e82170913a042b8a1a7ca021cd41) Importer(815301076,1909f56bfc062723c751e8b465ee728b) (PreviewImporter) -> (artifact id: '108823c75ab27aa89cd47d0d8ae8baf6') in 0.485828 seconds
Number of updated asset objects reloaded before import = 0Number of asset objects unloaded after import = 3

========================================================================
Received Import Request.
  Time since last request: 0.000078 seconds.
  path: Assets/Hero Knight - Pixel Art/Environment/Walls_noFriction.physicsMaterial2D
  artifactKey: Guid(9c497a4ce1f356b448c0dd3eca091d35) Importer(815301076,1909f56bfc062723c751e8b465ee728b)
Start importing Assets/Hero Knight - Pixel Art/Environment/Walls_noFriction.physicsMaterial2D using Guid(9c497a4ce1f356b448c0dd3eca091d35) Importer(815301076,1909f56bfc062723c751e8b465ee728b) (PreviewImporter) -> (artifact id: 'aa448b8d89abcc4f465a41ea2e42d3b7') in 0.00208 seconds
Number of updated asset objects reloaded before import = 0Number of asset objects unloaded after import = 1

========================================================================
Received Import Request.
  Time since last request: 0.000383 seconds.
  path: Assets/Hero Knight - Pixel Art/Environment/EnvironmentTiles_2.asset
  artifactKey: Guid(16944a65ef007594a9a62996602798ae) Importer(815301076,1909f56bfc062723c751e8b465ee728b)
Start importing Assets/Hero Knight - Pixel Art/Environment/EnvironmentTiles_2.asset using Guid(16944a65ef007594a9a62996602798ae) Importer(815301076,1909f56bfc062723c751e8b465ee728b) (PreviewImporter) -> (artifact id: '8e84e30ebc07dc6bd8a3f4196c486113') in 0.01053325 seconds
Number of updated asset objects reloaded before import = 0Number of asset objects unloaded after import = 3

========================================================================
Received Import Request.
  Time since last request: 0.000113 seconds.
  path: Assets/Hero Knight - Pixel Art/Environment/EnvironmentTiles_3.asset
  artifactKey: Guid(50037ea5bf884e3438442ce9d2f0df1c) Importer(815301076,1909f56bfc062723c751e8b465ee728b)
Start importing Assets/Hero Knight - Pixel Art/Environment/EnvironmentTiles_3.asset using Guid(50037ea5bf884e3438442ce9d2f0df1c) Importer(815301076,1909f56bfc062723c751e8b465ee728b) (PreviewImporter) -> (artifact id: '4bd7309425ada4c934fbd92b0e1a6ad8') in 0.012732041 seconds
Number of updated asset objects reloaded before import = 0Number of asset objects unloaded after import = 3

========================================================================
Received Import Request.
  Time since last request: 0.000119 seconds.
  path: Assets/Hero Knight - Pixel Art/Environment/EnvironmentTiles_1.asset
  artifactKey: Guid(932822c3aa72d6245a38fc0e08fe9ef3) Importer(815301076,1909f56bfc062723c751e8b465ee728b)
Start importing Assets/Hero Knight - Pixel Art/Environment/EnvironmentTiles_1.asset using Guid(932822c3aa72d6245a38fc0e08fe9ef3) Importer(815301076,1909f56bfc062723c751e8b465ee728b) (PreviewImporter) -> (artifact id: '52f322fb083ef836acab3feab8aad5e9') in 0.012018208 seconds
Number of updated asset objects reloaded before import = 0Number of asset objects unloaded after import = 3

========================================================================
Received Prepare
Refreshing native plugins compatible for Editor in 3.25 ms, found 3 plugins.
Preloading 0 native plugins for Editor in 0.00 ms.
Unloading 14 Unused Serialized files (Serialized files now loaded: 0)
Unloading 6819 unused Assets / (3.8 MB). Loaded Objects now: 7541.
Memory consumption went from 160.2 MB to 156.4 MB.
Total: 64.977791 ms (FindLiveObjects: 1.480625 ms CreateObjectMapping: 1.364458 ms MarkObjects: 57.665208 ms  DeleteObjects: 4.465375 ms)

Prepare: number of updated asset objects reloaded= 0
========================================================================
Received Prepare
Begin MonoManager ReloadAssembly
Thread 0x3217a3000 may have been prematurely finalized
- Loaded All Assemblies, in  1.883 seconds
Refreshing native plugins compatible for Editor in 5.07 ms, found 3 plugins.
Native extension for OSXStandalone target not found
Native extension for WebGL target not found
Mono: successfully reloaded assembly
[Package Manager] Failed to launch server process. Reason: Unity was launched with the -noUpm command-line argument
[Package Manager] Unable to send message (not connected to server process).
[Package Manager] Cannot connect to Unity Package Manager local server
- Finished resetting the current domain, in  2.236 seconds
Domain Reload Profiling: 4126ms
	BeginReloadAssembly (635ms)
		ExecutionOrderSort (0ms)
		DisableScriptedObjects (50ms)
		BackupInstance (0ms)
		ReleaseScriptingObjects (1ms)
		CreateAndSetChildDomain (313ms)
	RebuildCommonClasses (88ms)
	RebuildNativeTypeToScriptingClass (33ms)
	initialDomainReloadingComplete (51ms)
	LoadAllAssembliesAndSetupDomain (1082ms)
		LoadAssemblies (751ms)
		RebuildTransferFunctionScriptingTraits (0ms)
		AnalyzeDomain (508ms)
			TypeCache.Refresh (27ms)
				TypeCache.ScanAssembly (0ms)
			BuildScriptInfoCaches (447ms)
			ResolveRequiredComponents (26ms)
	FinalizeReload (2237ms)
		ReleaseScriptCaches (0ms)
		RebuildScriptCaches (0ms)
		SetupLoadedEditorAssemblies (1600ms)
			LogAssemblyErrors (0ms)
			InitializePlatformSupportModulesInManaged (7ms)
			SetLoadedEditorAssemblies (8ms)
			BeforeProcessingInitializeOnLoad (290ms)
			ProcessInitializeOnLoadAttributes (1159ms)
			ProcessInitializeOnLoadMethodAttributes (134ms)
			AfterProcessingInitializeOnLoad (2ms)
			EditorAssembliesLoaded (1ms)
		ExecutionOrderSort2 (0ms)
		AwakeInstancesAfterBackupRestoration (26ms)
Refreshing native plugins compatible for Editor in 3.03 ms, found 3 plugins.
Preloading 0 native plugins for Editor in 0.00 ms.
Unloading 14 Unused Serialized files (Serialized files now loaded: 0)
Unloading 6842 unused Assets / (3.4 MB). Loaded Objects now: 7542.
Memory consumption went from 169.7 MB to 166.3 MB.
Total: 22.814709 ms (FindLiveObjects: 1.054917 ms CreateObjectMapping: 1.789083 ms MarkObjects: 15.126042 ms  DeleteObjects: 4.843125 ms)

Prepare: number of updated asset objects reloaded= 0
========================================================================
Received Import Request.
  Time since last request: 1014.728784 seconds.
  path: Assets/Monsters Creatures Fantasy/Sprites/Flying eye/Attack2.png
  artifactKey: Guid(dd255f029b1eb1347b77fb335d97ea38) Importer(815301076,1909f56bfc062723c751e8b465ee728b)
Start importing Assets/Monsters Creatures Fantasy/Sprites/Flying eye/Attack2.png using Guid(dd255f029b1eb1347b77fb335d97ea38) Importer(815301076,1909f56bfc062723c751e8b465ee728b) (PreviewImporter) -> (artifact id: '46fb03618b7495b53cc8cb635ba73d1a') in 0.27970975 seconds
Number of updated asset objects reloaded before import = 0Number of asset objects unloaded after import = 10

========================================================================
Received Import Request.
  Time since last request: 0.000132 seconds.
  path: Assets/Monsters Creatures Fantasy/Sprites/Flying eye/Flight.png
  artifactKey: Guid(6d7cd4f7505dc674c891ca8946cfd98b) Importer(815301076,1909f56bfc062723c751e8b465ee728b)
Start importing Assets/Monsters Creatures Fantasy/Sprites/Flying eye/Flight.png using Guid(6d7cd4f7505dc674c891ca8946cfd98b) Importer(815301076,1909f56bfc062723c751e8b465ee728b) (PreviewImporter) -> (artifact id: 'b8e419957a17164a0712307f300a2423') in 0.060584417 seconds
Number of updated asset objects reloaded before import = 0Number of asset objects unloaded after import = 10

========================================================================
Received Import Request.
  Time since last request: 0.000117 seconds.
  path: Assets/Monsters Creatures Fantasy/Sprites/Flying eye/Death.png
  artifactKey: Guid(b9517addf15136e47a89337d912454b0) Importer(815301076,1909f56bfc062723c751e8b465ee728b)
Start importing Assets/Monsters Creatures Fantasy/Sprites/Flying eye/Death.png using Guid(b9517addf15136e47a89337d912454b0) Importer(815301076,1909f56bfc062723c751e8b465ee728b) (PreviewImporter) -> (artifact id: 'c4c924114f351d789950f2c6000a665b') in 0.038520042 seconds
Number of updated asset objects reloaded before import = 0Number of asset objects unloaded after import = 6

========================================================================
Received Import Request.
  Time since last request: 0.000161 seconds.
  path: Assets/Monsters Creatures Fantasy/Sprites/Flying eye/Take Hit.png
  artifactKey: Guid(244d2b7af82202d4daae9b898fd596d1) Importer(815301076,1909f56bfc062723c751e8b465ee728b)
Start importing Assets/Monsters Creatures Fantasy/Sprites/Flying eye/Take Hit.png using Guid(244d2b7af82202d4daae9b898fd596d1) Importer(815301076,1909f56bfc062723c751e8b465ee728b) (PreviewImporter) -> (artifact id: 'fcd3c810e7a76f30a4b7aeb831498302') in 0.034343209 seconds
Number of updated asset objects reloaded before import = 0Number of asset objects unloaded after import = 6

